Tue May 13 11:10:32 CEST 2025
saving run 37 ...
saving run 16 ...
saving run 25 ...
saving run 24 ...
saving run 7 ...
saving run 30 ...
saving run 31 ...
saving run 39 ...
saving run 5 ...
saving run 34 ...
saving run 4 ...
saving run 14 ...
saving run 38 ...
saving run 3 ...
saving run 26 ...
saving run 18 ...
saving run 27 ...
saving run 32 ...
saving run 8 ...
saving run 9 ...
saving run 10 ...
saving run 35 ...
saving run 22 ...
saving run 2 ...
saving run 0 ...
saving run 33 ...
saving run 20 ...
saving run 13 ...
saving run 1 ...
saving run 36 ...
saving run 23 ...
saving run 29 ...
saving run 15 ...
saving run 19 ...
saving run 28 ...
saving run 21 ...
saving run 11 ...
saving run 17 ...
saving run 12 ...
saving run 6 ...
/g100_work/OGS23_PRACE_IT/csoto/DIIM/settings/reproduce_dukiewicz/mcmc//run_0.npy saved, time 807.6092281341553
/g100_work/OGS23_PRACE_IT/csoto/DIIM/settings/reproduce_dukiewicz/mcmc//run_34.npy saved, time 814.1960151195526
/g100_work/OGS23_PRACE_IT/csoto/DIIM/settings/reproduce_dukiewicz/mcmc//run_31.npy saved, time 815.5623860359192
/g100_work/OGS23_PRACE_IT/csoto/DIIM/settings/reproduce_dukiewicz/mcmc//run_13.npy saved, time 816.7422783374786
/g100_work/OGS23_PRACE_IT/csoto/DIIM/settings/reproduce_dukiewicz/mcmc//run_35.npy saved, time 817.0005645751953
/g100_work/OGS23_PRACE_IT/csoto/DIIM/settings/reproduce_dukiewicz/mcmc//run_29.npy saved, time 817.2186460494995
[r512c06n04:39526:0:39526]       ud_ep.c:255  Fatal: UD endpoint 0x14ca700ca6a0 to <no debug data>: unhandled timeout error
/g100_work/OGS23_PRACE_IT/csoto/DIIM/settings/reproduce_dukiewicz/mcmc//run_33.npy saved, time 817.3657338619232
/g100_work/OGS23_PRACE_IT/csoto/DIIM/settings/reproduce_dukiewicz/mcmc//run_15.npy saved, time 817.5676829814911
==== backtrace (tid:  39526) ====
 0 0x0000000000055969 ucs_debug_print_backtrace()  ???:0
 1 0x000000000004b61e uct_ud_ep_window_release_completed()  ???:0
 2 0x000000000004f957 ucs_callbackq_get_id()  ???:0
 3 0x0000000000024c1a ucp_worker_progress()  ???:0
 4 0x000000000021871e mca_pml_ucx_send()  ???:0
 5 0x00000000000f2e3a ompi_coll_base_barrier_intra_recursivedoubling()  ???:0
 6 0x000000000009cc18 MPI_Barrier()  ???:0
 7 0x0000000000111ee6 __pyx_pf_6mpi4py_3MPI_4Comm_118Barrier()  /scratch_local/pip-install-r72yldcf/mpi4py/src/mpi4py/MPI.c:184862
 8 0x0000000000111ee6 __pyx_pw_6mpi4py_3MPI_4Comm_119Barrier()  /scratch_local/pip-install-r72yldcf/mpi4py/src/mpi4py/MPI.c:184831
 9 0x0000000000070c2d _PyObject_Vectorcall()  /scratch_local/propro01/spack-stage-python-3.8.6-pgfh6gkkzptzwrsk3ieo6prhv26ixjea/spack-src/Include/cpython/abstract.h:127
10 0x0000000000070c2d call_function()  /scratch_local/propro01/spack-stage-python-3.8.6-pgfh6gkkzptzwrsk3ieo6prhv26ixjea/spack-src/Python/ceval.c:4963
11 0x000000000007537b _PyEval_EvalFrameDefault()  /scratch_local/propro01/spack-stage-python-3.8.6-pgfh6gkkzptzwrsk3ieo6prhv26ixjea/spack-src/Python/ceval.c:3486
12 0x0000000000180f30 _PyEval_EvalCodeWithName()  /scratch_local/propro01/spack-stage-python-3.8.6-pgfh6gkkzptzwrsk3ieo6prhv26ixjea/spack-src/Python/ceval.c:4298
13 0x00000000001814fe PyEval_EvalCodeEx()  /scratch_local/propro01/spack-stage-python-3.8.6-pgfh6gkkzptzwrsk3ieo6prhv26ixjea/spack-src/Python/ceval.c:4327
14 0x000000000018152b PyEval_EvalCode()  /scratch_local/propro01/spack-stage-python-3.8.6-pgfh6gkkzptzwrsk3ieo6prhv26ixjea/spack-src/Python/ceval.c:718
15 0x00000000001c016c run_eval_code_obj()  /scratch_local/propro01/spack-stage-python-3.8.6-pgfh6gkkzptzwrsk3ieo6prhv26ixjea/spack-src/Python/pythonrun.c:1125
16 0x00000000001c016c run_mod()  /scratch_local/propro01/spack-stage-python-3.8.6-pgfh6gkkzptzwrsk3ieo6prhv26ixjea/spack-src/Python/pythonrun.c:1147
17 0x00000000001c1930 PyRun_FileExFlags()  /scratch_local/propro01/spack-stage-python-3.8.6-pgfh6gkkzptzwrsk3ieo6prhv26ixjea/spack-src/Python/pythonrun.c:1063
18 0x00000000001c1a8a PyRun_SimpleFileExFlags()  /scratch_local/propro01/spack-stage-python-3.8.6-pgfh6gkkzptzwrsk3ieo6prhv26ixjea/spack-src/Python/pythonrun.c:428
19 0x00000000001debc7 pymain_run_file()  /scratch_local/propro01/spack-stage-python-3.8.6-pgfh6gkkzptzwrsk3ieo6prhv26ixjea/spack-src/Modules/main.c:381
20 0x00000000001debc7 _Py_XDECREF()  /scratch_local/propro01/spack-stage-python-3.8.6-pgfh6gkkzptzwrsk3ieo6prhv26ixjea/spack-src/Include/object.h:541
21 0x00000000001debc7 pymain_run_file()  /scratch_local/propro01/spack-stage-python-3.8.6-pgfh6gkkzptzwrsk3ieo6prhv26ixjea/spack-src/Modules/main.c:382
22 0x00000000001debc7 pymain_run_python()  /scratch_local/propro01/spack-stage-python-3.8.6-pgfh6gkkzptzwrsk3ieo6prhv26ixjea/spack-src/Modules/main.c:606
23 0x00000000001debc7 Py_RunMain()  /scratch_local/propro01/spack-stage-python-3.8.6-pgfh6gkkzptzwrsk3ieo6prhv26ixjea/spack-src/Modules/main.c:685
24 0x00000000001df063 pymain_main()  /scratch_local/propro01/spack-stage-python-3.8.6-pgfh6gkkzptzwrsk3ieo6prhv26ixjea/spack-src/Modules/main.c:715
25 0x0000000000023575 __libc_start_main()  ???:0
26 0x00000000004010fe _start()  ???:0
=================================
[r512c06n04:39526] *** Process received signal ***
[r512c06n04:39526] Signal: Aborted (6)
[r512c06n04:39526] Signal code:  (-6)
[r512c06n04:39526] [ 0] /lib64/libpthread.so.0(+0x12cf0)[0x14cb27341cf0]
[r512c06n04:39526] [ 1] /lib64/libc.so.6(gsignal+0x10f)[0x14cb2681754f]
[r512c06n04:39526] [ 2] /lib64/libc.so.6(abort+0x127)[0x14cb26801ea5]
[r512c06n04:39526] [ 3] /usr/lib64/libucs.so.0(+0x54426)[0x14ca89fd3426]
[r512c06n04:39526] [ 4] /usr/lib64/libucs.so.0(ucs_fatal_error_format+0x118)[0x14ca89fd3548]
[r512c06n04:39526] [ 5] /usr/lib64/ucx/libuct_ib.so.0(+0x4b61e)[0x14ca84ef761e]
[r512c06n04:39526] [ 6] /usr/lib64/libucs.so.0(+0x4f957)[0x14ca89fce957]
[r512c06n04:39526] [ 7] /usr/lib64/libucp.so.0(ucp_worker_progress+0x5a)[0x14ca8a775c1a]
[r512c06n04:39526] [ 8] /g100_work/PROJECTS/spack/v0.17/prod/0.17.1/install/0.17/linux-centos8-cascadelake/gcc-10.2.0/openmpi-4.1.1-ov3ei7jkweiidsuwh525b4fjg3wpky6j/lib/libmpi.so.40(mca_pml_ucx_send+0x35e)[0x14ca8b64471e]
[r512c06n04:39526] [ 9] /g100_work/PROJECTS/spack/v0.17/prod/0.17.1/install/0.17/linux-centos8-cascadelake/gcc-10.2.0/openmpi-4.1.1-ov3ei7jkweiidsuwh525b4fjg3wpky6j/lib/libmpi.so.40(ompi_coll_base_barrier_intra_recursivedoubling+0xba)[0x14ca8b51ee3a]
[r512c06n04:39526] [10] /g100_work/PROJECTS/spack/v0.17/prod/0.17.1/install/0.17/linux-centos8-cascadelake/gcc-10.2.0/openmpi-4.1.1-ov3ei7jkweiidsuwh525b4fjg3wpky6j/lib/libmpi.so.40(PMPI_Barrier+0xa8)[0x14ca8b4c8c18]
[r512c06n04:39526] [11] /g100_work/OGS23_PRACE_IT/csoto/eat/eat_env/lib/python3.8/site-packages/mpi4py/MPI.cpython-38-x86_64-linux-gnu.so(+0x111ee6)[0x14ca8ba51ee6]
[r512c06n04:39526] [12] /g100_work/PROJECTS/spack/v0.16/install/0.16.2/linux-centos8-cascadelake/gcc-10.2.0/python-3.8.6-pgfh6gkkzptzwrsk3ieo6prhv26ixjea/lib/libpython3.8.so.1.0(+0x70c2d)[0x14cb279f3c2d]
[r512c06n04:39526] [13] /g100_work/PROJECTS/spack/v0.16/install/0.16.2/linux-centos8-cascadelake/gcc-10.2.0/python-3.8.6-pgfh6gkkzptzwrsk3ieo6prhv26ixjea/lib/libpython3.8.so.1.0(_PyEval_EvalFrameDefault+0x435b)[0x14cb279f837b]
[r512c06n04:39526] [14] /g100_work/PROJECTS/spack/v0.16/install/0.16.2/linux-centos8-cascadelake/gcc-10.2.0/python-3.8.6-pgfh6gkkzptzwrsk3ieo6prhv26ixjea/lib/libpython3.8.so.1.0(_PyEval_EvalCodeWithName+0xad0)[0x14cb27b03f30]
[r512c06n04:39526] [15] /g100_work/PROJECTS/spack/v0.16/install/0.16.2/linux-centos8-cascadelake/gcc-10.2.0/python-3.8.6-pgfh6gkkzptzwrsk3ieo6prhv26ixjea/lib/libpython3.8.so.1.0(PyEval_EvalCodeEx+0x3e)[0x14cb27b044fe]
[r512c06n04:39526] [16] /g100_work/PROJECTS/spack/v0.16/install/0.16.2/linux-centos8-cascadelake/gcc-10.2.0/python-3.8.6-pgfh6gkkzptzwrsk3ieo6prhv26ixjea/lib/libpython3.8.so.1.0(PyEval_EvalCode+0x1b)[0x14cb27b0452b]
[r512c06n04:39526] [17] /g100_work/PROJECTS/spack/v0.16/install/0.16.2/linux-centos8-cascadelake/gcc-10.2.0/python-3.8.6-pgfh6gkkzptzwrsk3ieo6prhv26ixjea/lib/libpython3.8.so.1.0(+0x1c016c)[0x14cb27b4316c]
[r512c06n04:39526] [18] /g100_work/PROJECTS/spack/v0.16/install/0.16.2/linux-centos8-cascadelake/gcc-10.2.0/python-3.8.6-pgfh6gkkzptzwrsk3ieo6prhv26ixjea/lib/libpython3.8.so.1.0(PyRun_FileExFlags+0x90)[0x14cb27b44930]
[r512c06n04:39526] [19] /g100_work/PROJECTS/spack/v0.16/install/0.16.2/linux-centos8-cascadelake/gcc-10.2.0/python-3.8.6-pgfh6gkkzptzwrsk3ieo6prhv26ixjea/lib/libpython3.8.so.1.0(PyRun_SimpleFileExFlags+0xea)[0x14cb27b44a8a]
[r512c06n04:39526] [20] /g100_work/PROJECTS/spack/v0.16/install/0.16.2/linux-centos8-cascadelake/gcc-10.2.0/python-3.8.6-pgfh6gkkzptzwrsk3ieo6prhv26ixjea/lib/libpython3.8.so.1.0(Py_RunMain+0x747)[0x14cb27b61bc7]
[r512c06n04:39526] [21] /g100_work/PROJECTS/spack/v0.16/install/0.16.2/linux-centos8-cascadelake/gcc-10.2.0/python-3.8.6-pgfh6gkkzptzwrsk3ieo6prhv26ixjea/lib/libpython3.8.so.1.0(Py_BytesMain+0x43)[0x14cb27b62063]
[r512c06n04:39526] [22] /lib64/libc.so.6(__libc_start_main+0xe5)[0x14cb26803575]
[r512c06n04:39526] [23] /g100_work/OGS23_PRACE_IT/csoto/eat/eat_env/bin/python3(_start+0x2e)[0x4010fe]
[r512c06n04:39526] *** End of error message ***
--------------------------------------------------------------------------
Primary job  terminated normally, but 1 process returned
a non-zero exit code. Per user-direction, the job has been aborted.
--------------------------------------------------------------------------
--------------------------------------------------------------------------
mpirun noticed that process rank 29 with PID 39526 on node r512c06n04 exited on signal 6 (Aborted).
--------------------------------------------------------------------------
Tue May 13 11:24:19 CEST 2025
