Mon May 12 13:41:27 CEST 2025
saving run 28 ...
saving run 19 ...
saving run 18 ...
saving run 13 ...
saving run 23 ...
saving run 27 ...
saving run 37 ...
saving run 10 ...
saving run 32 ...
saving run 9 ...
saving run 33 ...
saving run 15 ...
saving run 3 ...
saving run 21 ...
saving run 38 ...
saving run 11 ...
saving run 0 ...
saving run 16 ...
saving run 7 ...
saving run 20 ...
saving run 31 ...
saving run 30 ...
saving run 17 ...
saving run 26 ...
saving run 22 ...
saving run 12 ...
saving run 5 ...
saving run 39 ...
saving run 14 ...
saving run 1 ...
saving run 6 ...
saving run 4 ...
saving run 2 ...
saving run 36 ...
saving run 25 ...
saving run 29 ...
saving run 34 ...
saving run 35 ...
saving run 24 ...
saving run 8 ...
/g100_work/OGS23_PRACE_IT/csoto/DIIM/settings/reproduce_dukiewicz/mcmc//run_24.npy saved, time 3225.8420810699463
/g100_work/OGS23_PRACE_IT/csoto/DIIM/settings/reproduce_dukiewicz/mcmc//run_6.npy saved, time 3260.4843266010284
/g100_work/OGS23_PRACE_IT/csoto/DIIM/settings/reproduce_dukiewicz/mcmc//run_4.npy saved, time 3295.344997406006
/g100_work/OGS23_PRACE_IT/csoto/DIIM/settings/reproduce_dukiewicz/mcmc//run_23.npy saved, time 3303.0545921325684
/g100_work/OGS23_PRACE_IT/csoto/DIIM/settings/reproduce_dukiewicz/mcmc//run_19.npy saved, time 3308.4570660591125
/g100_work/OGS23_PRACE_IT/csoto/DIIM/settings/reproduce_dukiewicz/mcmc//run_11.npy saved, time 3315.9043831825256
/g100_work/OGS23_PRACE_IT/csoto/DIIM/settings/reproduce_dukiewicz/mcmc//run_33.npy saved, time 3316.873950242996
/g100_work/OGS23_PRACE_IT/csoto/DIIM/settings/reproduce_dukiewicz/mcmc//run_35.npy saved, time 3317.142040014267
/g100_work/OGS23_PRACE_IT/csoto/DIIM/settings/reproduce_dukiewicz/mcmc//run_21.npy saved, time 3320.5325815677643
/g100_work/OGS23_PRACE_IT/csoto/DIIM/settings/reproduce_dukiewicz/mcmc//run_28.npy saved, time 3327.780218601227
/g100_work/OGS23_PRACE_IT/csoto/DIIM/settings/reproduce_dukiewicz/mcmc//run_5.npy saved, time 3328.760208129883
/g100_work/OGS23_PRACE_IT/csoto/DIIM/settings/reproduce_dukiewicz/mcmc//run_30.npy saved, time 3330.0138969421387
/g100_work/OGS23_PRACE_IT/csoto/DIIM/settings/reproduce_dukiewicz/mcmc//run_7.npy saved, time 3330.0745856761932
/g100_work/OGS23_PRACE_IT/csoto/DIIM/settings/reproduce_dukiewicz/mcmc//run_37.npy saved, time 3330.88999915123
/g100_work/OGS23_PRACE_IT/csoto/DIIM/settings/reproduce_dukiewicz/mcmc//run_20.npy saved, time 3332.54487657547
/g100_work/OGS23_PRACE_IT/csoto/DIIM/settings/reproduce_dukiewicz/mcmc//run_15.npy saved, time 3333.9149284362793
/g100_work/OGS23_PRACE_IT/csoto/DIIM/settings/reproduce_dukiewicz/mcmc//run_8.npy saved, time 3335.2083690166473
/g100_work/OGS23_PRACE_IT/csoto/DIIM/settings/reproduce_dukiewicz/mcmc//run_22.npy saved, time 3335.600899219513
/g100_work/OGS23_PRACE_IT/csoto/DIIM/settings/reproduce_dukiewicz/mcmc//run_38.npy saved, time 3338.5898230075836
/g100_work/OGS23_PRACE_IT/csoto/DIIM/settings/reproduce_dukiewicz/mcmc//run_13.npy saved, time 3338.808014154434
/g100_work/OGS23_PRACE_IT/csoto/DIIM/settings/reproduce_dukiewicz/mcmc//run_32.npy saved, time 3339.9560232162476
/g100_work/OGS23_PRACE_IT/csoto/DIIM/settings/reproduce_dukiewicz/mcmc//run_0.npy saved, time 3341.096844434738
/g100_work/OGS23_PRACE_IT/csoto/DIIM/settings/reproduce_dukiewicz/mcmc//run_10.npy saved, time 3342.3213155269623
/g100_work/OGS23_PRACE_IT/csoto/DIIM/settings/reproduce_dukiewicz/mcmc//run_14.npy saved, time 3343.886062860489
/g100_work/OGS23_PRACE_IT/csoto/DIIM/settings/reproduce_dukiewicz/mcmc//run_36.npy saved, time 3344.820905685425
/g100_work/OGS23_PRACE_IT/csoto/DIIM/settings/reproduce_dukiewicz/mcmc//run_39.npy saved, time 3345.9112911224365
/g100_work/OGS23_PRACE_IT/csoto/DIIM/settings/reproduce_dukiewicz/mcmc//run_29.npy saved, time 3347.733620405197
/g100_work/OGS23_PRACE_IT/csoto/DIIM/settings/reproduce_dukiewicz/mcmc//run_1.npy saved, time 3348.1906821727753
/g100_work/OGS23_PRACE_IT/csoto/DIIM/settings/reproduce_dukiewicz/mcmc//run_16.npy saved, time 3348.655450820923
/g100_work/OGS23_PRACE_IT/csoto/DIIM/settings/reproduce_dukiewicz/mcmc//run_2.npy saved, time 3350.93847489357
[r502n013:46559:0:46559]       ud_ep.c:255  Fatal: UD endpoint 0x1528bc33ed60 to <no debug data>: unhandled timeout error
==== backtrace (tid:  46559) ====
 0 0x0000000000055969 ucs_debug_print_backtrace()  ???:0
 1 0x000000000004b61e uct_ud_ep_window_release_completed()  ???:0
 2 0x000000000004f957 ucs_callbackq_get_id()  ???:0
 3 0x0000000000024c1a ucp_worker_progress()  ???:0
 4 0x0000000000217b3f mca_pml_ucx_recv()  ???:0
 5 0x00000000000f2f78 ompi_coll_base_barrier_intra_recursivedoubling()  ???:0
 6 0x000000000009cc18 MPI_Barrier()  ???:0
 7 0x0000000000111ee6 __pyx_pf_6mpi4py_3MPI_4Comm_118Barrier()  /scratch_local/pip-install-r72yldcf/mpi4py/src/mpi4py/MPI.c:184862
 8 0x0000000000111ee6 __pyx_pw_6mpi4py_3MPI_4Comm_119Barrier()  /scratch_local/pip-install-r72yldcf/mpi4py/src/mpi4py/MPI.c:184831
 9 0x0000000000070c2d _PyObject_Vectorcall()  /scratch_local/propro01/spack-stage-python-3.8.6-pgfh6gkkzptzwrsk3ieo6prhv26ixjea/spack-src/Include/cpython/abstract.h:127
10 0x0000000000070c2d call_function()  /scratch_local/propro01/spack-stage-python-3.8.6-pgfh6gkkzptzwrsk3ieo6prhv26ixjea/spack-src/Python/ceval.c:4963
11 0x000000000007537b _PyEval_EvalFrameDefault()  /scratch_local/propro01/spack-stage-python-3.8.6-pgfh6gkkzptzwrsk3ieo6prhv26ixjea/spack-src/Python/ceval.c:3486
12 0x0000000000180f30 _PyEval_EvalCodeWithName()  /scratch_local/propro01/spack-stage-python-3.8.6-pgfh6gkkzptzwrsk3ieo6prhv26ixjea/spack-src/Python/ceval.c:4298
13 0x00000000001814fe PyEval_EvalCodeEx()  /scratch_local/propro01/spack-stage-python-3.8.6-pgfh6gkkzptzwrsk3ieo6prhv26ixjea/spack-src/Python/ceval.c:4327
14 0x000000000018152b PyEval_EvalCode()  /scratch_local/propro01/spack-stage-python-3.8.6-pgfh6gkkzptzwrsk3ieo6prhv26ixjea/spack-src/Python/ceval.c:718
15 0x00000000001c016c run_eval_code_obj()  /scratch_local/propro01/spack-stage-python-3.8.6-pgfh6gkkzptzwrsk3ieo6prhv26ixjea/spack-src/Python/pythonrun.c:1125
16 0x00000000001c016c run_mod()  /scratch_local/propro01/spack-stage-python-3.8.6-pgfh6gkkzptzwrsk3ieo6prhv26ixjea/spack-src/Python/pythonrun.c:1147
17 0x00000000001c1930 PyRun_FileExFlags()  /scratch_local/propro01/spack-stage-python-3.8.6-pgfh6gkkzptzwrsk3ieo6prhv26ixjea/spack-src/Python/pythonrun.c:1063
18 0x00000000001c1a8a PyRun_SimpleFileExFlags()  /scratch_local/propro01/spack-stage-python-3.8.6-pgfh6gkkzptzwrsk3ieo6prhv26ixjea/spack-src/Python/pythonrun.c:428
19 0x00000000001debc7 pymain_run_file()  /scratch_local/propro01/spack-stage-python-3.8.6-pgfh6gkkzptzwrsk3ieo6prhv26ixjea/spack-src/Modules/main.c:381
20 0x00000000001debc7 _Py_XDECREF()  /scratch_local/propro01/spack-stage-python-3.8.6-pgfh6gkkzptzwrsk3ieo6prhv26ixjea/spack-src/Include/object.h:541
21 0x00000000001debc7 pymain_run_file()  /scratch_local/propro01/spack-stage-python-3.8.6-pgfh6gkkzptzwrsk3ieo6prhv26ixjea/spack-src/Modules/main.c:382
22 0x00000000001debc7 pymain_run_python()  /scratch_local/propro01/spack-stage-python-3.8.6-pgfh6gkkzptzwrsk3ieo6prhv26ixjea/spack-src/Modules/main.c:606
23 0x00000000001debc7 Py_RunMain()  /scratch_local/propro01/spack-stage-python-3.8.6-pgfh6gkkzptzwrsk3ieo6prhv26ixjea/spack-src/Modules/main.c:685
24 0x00000000001df063 pymain_main()  /scratch_local/propro01/spack-stage-python-3.8.6-pgfh6gkkzptzwrsk3ieo6prhv26ixjea/spack-src/Modules/main.c:715
25 0x0000000000023575 __libc_start_main()  ???:0
26 0x00000000004010fe _start()  ???:0
=================================
[r502n013:46559] *** Process received signal ***
[r502n013:46559] Signal: Aborted (6)
[r502n013:46559] Signal code:  (-6)
[r502n013:46559] [ 0] /lib64/libpthread.so.0(+0x12cf0)[0x152973d66cf0]
[r502n013:46559] [ 1] /lib64/libc.so.6(gsignal+0x10f)[0x15297323c54f]
[r502n013:46559] [ 2] /lib64/libc.so.6(abort+0x127)[0x152973226ea5]
[r502n013:46559] [ 3] /usr/lib64/libucs.so.0(+0x54426)[0x1528d69f8426]
[r502n013:46559] [ 4] /usr/lib64/libucs.so.0(ucs_fatal_error_format+0x118)[0x1528d69f8548]
[r502n013:46559] [ 5] /usr/lib64/ucx/libuct_ib.so.0(+0x4b61e)[0x1528cd76461e]
[r502n013:46559] [ 6] /usr/lib64/libucs.so.0(+0x4f957)[0x1528d69f3957]
[r502n013:46559] [ 7] /usr/lib64/libucp.so.0(ucp_worker_progress+0x5a)[0x1528d719ac1a]
[r502n013:46559] [ 8] /g100_work/PROJECTS/spack/v0.17/prod/0.17.1/install/0.17/linux-centos8-cascadelake/gcc-10.2.0/openmpi-4.1.1-ov3ei7jkweiidsuwh525b4fjg3wpky6j/lib/libmpi.so.40(mca_pml_ucx_recv+0x11f)[0x1528d8068b3f]
[r502n013:46559] [ 9] /g100_work/PROJECTS/spack/v0.17/prod/0.17.1/install/0.17/linux-centos8-cascadelake/gcc-10.2.0/openmpi-4.1.1-ov3ei7jkweiidsuwh525b4fjg3wpky6j/lib/libmpi.so.40(ompi_coll_base_barrier_intra_recursivedoubling+0x1f8)[0x1528d7f43f78]
[r502n013:46559] [10] /g100_work/PROJECTS/spack/v0.17/prod/0.17.1/install/0.17/linux-centos8-cascadelake/gcc-10.2.0/openmpi-4.1.1-ov3ei7jkweiidsuwh525b4fjg3wpky6j/lib/libmpi.so.40(PMPI_Barrier+0xa8)[0x1528d7eedc18]
[r502n013:46559] [11] /g100_work/OGS23_PRACE_IT/csoto/eat/eat_env/lib/python3.8/site-packages/mpi4py/MPI.cpython-38-x86_64-linux-gnu.so(+0x111ee6)[0x1528d8476ee6]
[r502n013:46559] [12] /g100_work/PROJECTS/spack/v0.16/install/0.16.2/linux-centos8-cascadelake/gcc-10.2.0/python-3.8.6-pgfh6gkkzptzwrsk3ieo6prhv26ixjea/lib/libpython3.8.so.1.0(+0x70c2d)[0x152974418c2d]
[r502n013:46559] [13] /g100_work/PROJECTS/spack/v0.16/install/0.16.2/linux-centos8-cascadelake/gcc-10.2.0/python-3.8.6-pgfh6gkkzptzwrsk3ieo6prhv26ixjea/lib/libpython3.8.so.1.0(_PyEval_EvalFrameDefault+0x435b)[0x15297441d37b]
[r502n013:46559] [14] /g100_work/PROJECTS/spack/v0.16/install/0.16.2/linux-centos8-cascadelake/gcc-10.2.0/python-3.8.6-pgfh6gkkzptzwrsk3ieo6prhv26ixjea/lib/libpython3.8.so.1.0(_PyEval_EvalCodeWithName+0xad0)[0x152974528f30]
[r502n013:46559] [15] /g100_work/PROJECTS/spack/v0.16/install/0.16.2/linux-centos8-cascadelake/gcc-10.2.0/python-3.8.6-pgfh6gkkzptzwrsk3ieo6prhv26ixjea/lib/libpython3.8.so.1.0(PyEval_EvalCodeEx+0x3e)[0x1529745294fe]
[r502n013:46559] [16] /g100_work/PROJECTS/spack/v0.16/install/0.16.2/linux-centos8-cascadelake/gcc-10.2.0/python-3.8.6-pgfh6gkkzptzwrsk3ieo6prhv26ixjea/lib/libpython3.8.so.1.0(PyEval_EvalCode+0x1b)[0x15297452952b]
[r502n013:46559] [17] /g100_work/PROJECTS/spack/v0.16/install/0.16.2/linux-centos8-cascadelake/gcc-10.2.0/python-3.8.6-pgfh6gkkzptzwrsk3ieo6prhv26ixjea/lib/libpython3.8.so.1.0(+0x1c016c)[0x15297456816c]
[r502n013:46559] [18] /g100_work/PROJECTS/spack/v0.16/install/0.16.2/linux-centos8-cascadelake/gcc-10.2.0/python-3.8.6-pgfh6gkkzptzwrsk3ieo6prhv26ixjea/lib/libpython3.8.so.1.0(PyRun_FileExFlags+0x90)[0x152974569930]
[r502n013:46559] [19] /g100_work/PROJECTS/spack/v0.16/install/0.16.2/linux-centos8-cascadelake/gcc-10.2.0/python-3.8.6-pgfh6gkkzptzwrsk3ieo6prhv26ixjea/lib/libpython3.8.so.1.0(PyRun_SimpleFileExFlags+0xea)[0x152974569a8a]
[r502n013:46559] [20] /g100_work/PROJECTS/spack/v0.16/install/0.16.2/linux-centos8-cascadelake/gcc-10.2.0/python-3.8.6-pgfh6gkkzptzwrsk3ieo6prhv26ixjea/lib/libpython3.8.so.1.0(Py_RunMain+0x747)[0x152974586bc7]
[r502n013:46559] [21] /g100_work/PROJECTS/spack/v0.16/install/0.16.2/linux-centos8-cascadelake/gcc-10.2.0/python-3.8.6-pgfh6gkkzptzwrsk3ieo6prhv26ixjea/lib/libpython3.8.so.1.0(Py_BytesMain+0x43)[0x152974587063]
[r502n013:46559] [22] /lib64/libc.so.6(__libc_start_main+0xe5)[0x152973228575]
[r502n013:46559] [23] /g100_work/OGS23_PRACE_IT/csoto/eat/eat_env/bin/python3(_start+0x2e)[0x4010fe]
[r502n013:46559] *** End of error message ***
/g100_work/OGS23_PRACE_IT/csoto/DIIM/settings/reproduce_dukiewicz/mcmc//run_17.npy saved, time 3351.7492682933807
--------------------------------------------------------------------------
Primary job  terminated normally, but 1 process returned
a non-zero exit code. Per user-direction, the job has been aborted.
--------------------------------------------------------------------------
--------------------------------------------------------------------------
mpirun noticed that process rank 2 with PID 46559 on node r502n013 exited on signal 6 (Aborted).
--------------------------------------------------------------------------
Mon May 12 14:37:40 CEST 2025
