Mon May 12 17:17:33 CEST 2025
saving run 21 ...
saving run 22 ...
saving run 24 ...
saving run 30 ...
saving run 35 ...
saving run 37 ...
saving run 39 ...
saving run 5 ...
saving run 23 ...
saving run 25 ...
saving run 26 ...
saving run 27 ...
saving run 28 ...
saving run 29 ...
saving run 32 ...
saving run 34 ...
saving run 36 ...
saving run 38 ...
saving run 0 ...
saving run 1 ...
saving run 3 ...
saving run 4 ...
saving run 6 ...
saving run 7 ...
saving run 8 ...
saving run 9 ...
saving run 10 ...
saving run 11 ...
saving run 12 ...
saving run 13 ...
saving run 14 ...
saving run 15 ...
saving run 16 ...
saving run 17 ...
saving run 18 ...
saving run 19 ...
saving run 20 ...
saving run 2 ...
saving run 33 ...
saving run 31 ...
/g100_work/OGS23_PRACE_IT/csoto/DIIM/settings/reproduce_dukiewicz/mcmc//run_3.npy saved, time 1612.365140914917
/g100_work/OGS23_PRACE_IT/csoto/DIIM/settings/reproduce_dukiewicz/mcmc//run_21.npy saved, time 1636.1836400032043
/g100_work/OGS23_PRACE_IT/csoto/DIIM/settings/reproduce_dukiewicz/mcmc//run_38.npy saved, time 1640.6693992614746
/g100_work/OGS23_PRACE_IT/csoto/DIIM/settings/reproduce_dukiewicz/mcmc//run_6.npy saved, time 1641.545563697815
/g100_work/OGS23_PRACE_IT/csoto/DIIM/settings/reproduce_dukiewicz/mcmc//run_13.npy saved, time 1642.4241318702698
/g100_work/OGS23_PRACE_IT/csoto/DIIM/settings/reproduce_dukiewicz/mcmc//run_39.npy saved, time 1643.145917415619
[r512c07n01:19174:0:19174]       ud_ep.c:255  Fatal: UD endpoint 0x145b541b2e70 to <no debug data>: unhandled timeout error
/g100_work/OGS23_PRACE_IT/csoto/DIIM/settings/reproduce_dukiewicz/mcmc//run_27.npy saved, time 1643.171736240387
==== backtrace (tid:  19174) ====
 0 0x0000000000055969 ucs_debug_print_backtrace()  ???:0
 1 0x000000000004b61e uct_ud_ep_window_release_completed()  ???:0
 2 0x000000000004f957 ucs_callbackq_get_id()  ???:0
 3 0x0000000000024c1a ucp_worker_progress()  ???:0
 4 0x000000000003ce7b opal_progress()  ???:0
 5 0x00000000000432a5 ompi_sync_wait_mt()  ???:0
 6 0x0000000000085b5c ompi_request_default_wait()  ???:0
 7 0x00000000000f301f ompi_coll_base_barrier_intra_recursivedoubling()  ???:0
 8 0x000000000009cc18 MPI_Barrier()  ???:0
 9 0x0000000000111ee6 __pyx_pf_6mpi4py_3MPI_4Comm_118Barrier()  /scratch_local/pip-install-r72yldcf/mpi4py/src/mpi4py/MPI.c:184862
10 0x0000000000111ee6 __pyx_pw_6mpi4py_3MPI_4Comm_119Barrier()  /scratch_local/pip-install-r72yldcf/mpi4py/src/mpi4py/MPI.c:184831
11 0x0000000000070c2d _PyObject_Vectorcall()  /scratch_local/propro01/spack-stage-python-3.8.6-pgfh6gkkzptzwrsk3ieo6prhv26ixjea/spack-src/Include/cpython/abstract.h:127
12 0x0000000000070c2d call_function()  /scratch_local/propro01/spack-stage-python-3.8.6-pgfh6gkkzptzwrsk3ieo6prhv26ixjea/spack-src/Python/ceval.c:4963
13 0x000000000007537b _PyEval_EvalFrameDefault()  /scratch_local/propro01/spack-stage-python-3.8.6-pgfh6gkkzptzwrsk3ieo6prhv26ixjea/spack-src/Python/ceval.c:3486
14 0x0000000000180f30 _PyEval_EvalCodeWithName()  /scratch_local/propro01/spack-stage-python-3.8.6-pgfh6gkkzptzwrsk3ieo6prhv26ixjea/spack-src/Python/ceval.c:4298
15 0x00000000001814fe PyEval_EvalCodeEx()  /scratch_local/propro01/spack-stage-python-3.8.6-pgfh6gkkzptzwrsk3ieo6prhv26ixjea/spack-src/Python/ceval.c:4327
16 0x000000000018152b PyEval_EvalCode()  /scratch_local/propro01/spack-stage-python-3.8.6-pgfh6gkkzptzwrsk3ieo6prhv26ixjea/spack-src/Python/ceval.c:718
17 0x00000000001c016c run_eval_code_obj()  /scratch_local/propro01/spack-stage-python-3.8.6-pgfh6gkkzptzwrsk3ieo6prhv26ixjea/spack-src/Python/pythonrun.c:1125
18 0x00000000001c016c run_mod()  /scratch_local/propro01/spack-stage-python-3.8.6-pgfh6gkkzptzwrsk3ieo6prhv26ixjea/spack-src/Python/pythonrun.c:1147
19 0x00000000001c1930 PyRun_FileExFlags()  /scratch_local/propro01/spack-stage-python-3.8.6-pgfh6gkkzptzwrsk3ieo6prhv26ixjea/spack-src/Python/pythonrun.c:1063
20 0x00000000001c1a8a PyRun_SimpleFileExFlags()  /scratch_local/propro01/spack-stage-python-3.8.6-pgfh6gkkzptzwrsk3ieo6prhv26ixjea/spack-src/Python/pythonrun.c:428
21 0x00000000001debc7 pymain_run_file()  /scratch_local/propro01/spack-stage-python-3.8.6-pgfh6gkkzptzwrsk3ieo6prhv26ixjea/spack-src/Modules/main.c:381
22 0x00000000001debc7 _Py_XDECREF()  /scratch_local/propro01/spack-stage-python-3.8.6-pgfh6gkkzptzwrsk3ieo6prhv26ixjea/spack-src/Include/object.h:541
23 0x00000000001debc7 pymain_run_file()  /scratch_local/propro01/spack-stage-python-3.8.6-pgfh6gkkzptzwrsk3ieo6prhv26ixjea/spack-src/Modules/main.c:382
24 0x00000000001debc7 pymain_run_python()  /scratch_local/propro01/spack-stage-python-3.8.6-pgfh6gkkzptzwrsk3ieo6prhv26ixjea/spack-src/Modules/main.c:606
25 0x00000000001debc7 Py_RunMain()  /scratch_local/propro01/spack-stage-python-3.8.6-pgfh6gkkzptzwrsk3ieo6prhv26ixjea/spack-src/Modules/main.c:685
26 0x00000000001df063 pymain_main()  /scratch_local/propro01/spack-stage-python-3.8.6-pgfh6gkkzptzwrsk3ieo6prhv26ixjea/spack-src/Modules/main.c:715
27 0x0000000000023575 __libc_start_main()  ???:0
28 0x00000000004010fe _start()  ???:0
=================================
[r512c07n01:19174] *** Process received signal ***
[r512c07n01:19174] Signal: Aborted (6)
[r512c07n01:19174] Signal code:  (-6)
[r512c07n01:19174] [ 0] /lib64/libpthread.so.0(+0x12cf0)[0x145c0968dcf0]
[r512c07n01:19174] [ 1] /lib64/libc.so.6(gsignal+0x10f)[0x145c08b6354f]
[r512c07n01:19174] [ 2] /lib64/libc.so.6(abort+0x127)[0x145c08b4dea5]
[r512c07n01:19174] [ 3] /usr/lib64/libucs.so.0(+0x54426)[0x145b6c320426]
[r512c07n01:19174] [ 4] /usr/lib64/libucs.so.0(ucs_fatal_error_format+0x118)[0x145b6c320548]
[r512c07n01:19174] [ 5] /usr/lib64/ucx/libuct_ib.so.0(+0x4b61e)[0x145b631d961e]
[r512c07n01:19174] [ 6] /usr/lib64/libucs.so.0(+0x4f957)[0x145b6c31b957]
[r512c07n01:19174] [ 7] /usr/lib64/libucp.so.0(ucp_worker_progress+0x5a)[0x145b6cac2c1a]
[r512c07n01:19174] [ 8] /g100_work/PROJECTS/spack/v0.17/prod/0.17.1/install/0.17/linux-centos8-cascadelake/gcc-10.2.0/openmpi-4.1.1-ov3ei7jkweiidsuwh525b4fjg3wpky6j/lib/libopen-pal.so.40(opal_progress+0x2b)[0x145b6cd44e7b]
[r512c07n01:19174] [ 9] /g100_work/PROJECTS/spack/v0.17/prod/0.17.1/install/0.17/linux-centos8-cascadelake/gcc-10.2.0/openmpi-4.1.1-ov3ei7jkweiidsuwh525b4fjg3wpky6j/lib/libopen-pal.so.40(ompi_sync_wait_mt+0xb5)[0x145b6cd4b2a5]
[r512c07n01:19174] [10] /g100_work/PROJECTS/spack/v0.17/prod/0.17.1/install/0.17/linux-centos8-cascadelake/gcc-10.2.0/openmpi-4.1.1-ov3ei7jkweiidsuwh525b4fjg3wpky6j/lib/libmpi.so.40(ompi_request_default_wait+0x22c)[0x145b6d7feb5c]
[r512c07n01:19174] [11] /g100_work/PROJECTS/spack/v0.17/prod/0.17.1/install/0.17/linux-centos8-cascadelake/gcc-10.2.0/openmpi-4.1.1-ov3ei7jkweiidsuwh525b4fjg3wpky6j/lib/libmpi.so.40(ompi_coll_base_barrier_intra_recursivedoubling+0x29f)[0x145b6d86c01f]
[r512c07n01:19174] [12] /g100_work/PROJECTS/spack/v0.17/prod/0.17.1/install/0.17/linux-centos8-cascadelake/gcc-10.2.0/openmpi-4.1.1-ov3ei7jkweiidsuwh525b4fjg3wpky6j/lib/libmpi.so.40(PMPI_Barrier+0xa8)[0x145b6d815c18]
[r512c07n01:19174] [13] /g100_work/OGS23_PRACE_IT/csoto/eat/eat_env/lib/python3.8/site-packages/mpi4py/MPI.cpython-38-x86_64-linux-gnu.so(+0x111ee6)[0x145b6dd9eee6]
[r512c07n01:19174] [14] /g100_work/PROJECTS/spack/v0.16/install/0.16.2/linux-centos8-cascadelake/gcc-10.2.0/python-3.8.6-pgfh6gkkzptzwrsk3ieo6prhv26ixjea/lib/libpython3.8.so.1.0(+0x70c2d)[0x145c09d3fc2d]
[r512c07n01:19174] [15] /g100_work/PROJECTS/spack/v0.16/install/0.16.2/linux-centos8-cascadelake/gcc-10.2.0/python-3.8.6-pgfh6gkkzptzwrsk3ieo6prhv26ixjea/lib/libpython3.8.so.1.0(_PyEval_EvalFrameDefault+0x435b)[0x145c09d4437b]
[r512c07n01:19174] [16] /g100_work/PROJECTS/spack/v0.16/install/0.16.2/linux-centos8-cascadelake/gcc-10.2.0/python-3.8.6-pgfh6gkkzptzwrsk3ieo6prhv26ixjea/lib/libpython3.8.so.1.0(_PyEval_EvalCodeWithName+0xad0)[0x145c09e4ff30]
[r512c07n01:19174] [17] /g100_work/PROJECTS/spack/v0.16/install/0.16.2/linux-centos8-cascadelake/gcc-10.2.0/python-3.8.6-pgfh6gkkzptzwrsk3ieo6prhv26ixjea/lib/libpython3.8.so.1.0(PyEval_EvalCodeEx+0x3e)[0x145c09e504fe]
[r512c07n01:19174] [18] /g100_work/PROJECTS/spack/v0.16/install/0.16.2/linux-centos8-cascadelake/gcc-10.2.0/python-3.8.6-pgfh6gkkzptzwrsk3ieo6prhv26ixjea/lib/libpython3.8.so.1.0(PyEval_EvalCode+0x1b)[0x145c09e5052b]
[r512c07n01:19174] [19] /g100_work/PROJECTS/spack/v0.16/install/0.16.2/linux-centos8-cascadelake/gcc-10.2.0/python-3.8.6-pgfh6gkkzptzwrsk3ieo6prhv26ixjea/lib/libpython3.8.so.1.0(+0x1c016c)[0x145c09e8f16c]
[r512c07n01:19174] [20] /g100_work/PROJECTS/spack/v0.16/install/0.16.2/linux-centos8-cascadelake/gcc-10.2.0/python-3.8.6-pgfh6gkkzptzwrsk3ieo6prhv26ixjea/lib/libpython3.8.so.1.0(PyRun_FileExFlags+0x90)[0x145c09e90930]
[r512c07n01:19174] [21] /g100_work/PROJECTS/spack/v0.16/install/0.16.2/linux-centos8-cascadelake/gcc-10.2.0/python-3.8.6-pgfh6gkkzptzwrsk3ieo6prhv26ixjea/lib/libpython3.8.so.1.0(PyRun_SimpleFileExFlags+0xea)[0x145c09e90a8a]
[r512c07n01:19174] [22] /g100_work/PROJECTS/spack/v0.16/install/0.16.2/linux-centos8-cascadelake/gcc-10.2.0/python-3.8.6-pgfh6gkkzptzwrsk3ieo6prhv26ixjea/lib/libpython3.8.so.1.0(Py_RunMain+0x747)[0x145c09eadbc7]
[r512c07n01:19174] [23] /g100_work/PROJECTS/spack/v0.16/install/0.16.2/linux-centos8-cascadelake/gcc-10.2.0/python-3.8.6-pgfh6gkkzptzwrsk3ieo6prhv26ixjea/lib/libpython3.8.so.1.0(Py_BytesMain+0x43)[0x145c09eae063]
[r512c07n01:19174] [24] /lib64/libc.so.6(__libc_start_main+0xe5)[0x145c08b4f575]
[r512c07n01:19174] [25] /g100_work/OGS23_PRACE_IT/csoto/eat/eat_env/bin/python3(_start+0x2e)[0x4010fe]
[r512c07n01:19174] *** End of error message ***
--------------------------------------------------------------------------
Primary job  terminated normally, but 1 process returned
a non-zero exit code. Per user-direction, the job has been aborted.
--------------------------------------------------------------------------
--------------------------------------------------------------------------
mpirun noticed that process rank 39 with PID 19174 on node r512c07n01 exited on signal 6 (Aborted).
--------------------------------------------------------------------------
Mon May 12 17:46:59 CEST 2025
